{"total": {"lines":{"total":3994,"covered":3285,"skipped":0,"pct":82.24},"statements":{"total":3994,"covered":3285,"skipped":0,"pct":82.24},"functions":{"total":172,"covered":115,"skipped":0,"pct":66.86},"branches":{"total":444,"covered":356,"skipped":0,"pct":80.18},"branchesTrue":{"total":0,"covered":0,"skipped":0,"pct":100}}
,"/Users/pierpaolocasati/sporthub/frontend/src/MainWindow.tsx": {"lines":{"total":39,"covered":0,"skipped":0,"pct":0},"functions":{"total":1,"covered":0,"skipped":0,"pct":0},"statements":{"total":39,"covered":0,"skipped":0,"pct":0},"branches":{"total":1,"covered":0,"skipped":0,"pct":0}}
,"/Users/pierpaolocasati/sporthub/frontend/src/main.tsx": {"lines":{"total":49,"covered":0,"skipped":0,"pct":0},"functions":{"total":1,"covered":0,"skipped":0,"pct":0},"statements":{"total":49,"covered":0,"skipped":0,"pct":0},"branches":{"total":1,"covered":0,"skipped":0,"pct":0}}
,"/Users/pierpaolocasati/sporthub/frontend/src/components/CustomSnackbar.tsx": {"lines":{"total":14,"covered":14,"skipped":0,"pct":100},"functions":{"total":1,"covered":1,"skipped":0,"pct":100},"statements":{"total":14,"covered":14,"skipped":0,"pct":100},"branches":{"total":1,"covered":1,"skipped":0,"pct":100}}
,"/Users/pierpaolocasati/sporthub/frontend/src/components/DecodePolylineMap.tsx": {"lines":{"total":31,"covered":31,"skipped":0,"pct":100},"functions":{"total":1,"covered":1,"skipped":0,"pct":100},"statements":{"total":31,"covered":31,"skipped":0,"pct":100},"branches":{"total":8,"covered":8,"skipped":0,"pct":100}}
,"/Users/pierpaolocasati/sporthub/frontend/src/components/DeleteAccount.tsx": {"lines":{"total":86,"covered":79,"skipped":0,"pct":91.86},"functions":{"total":5,"covered":5,"skipped":0,"pct":100},"statements":{"total":86,"covered":79,"skipped":0,"pct":91.86},"branches":{"total":8,"covered":5,"skipped":0,"pct":62.5}}
,"/Users/pierpaolocasati/sporthub/frontend/src/components/Header.tsx": {"lines":{"total":54,"covered":54,"skipped":0,"pct":100},"functions":{"total":3,"covered":3,"skipped":0,"pct":100},"statements":{"total":54,"covered":54,"skipped":0,"pct":100},"branches":{"total":3,"covered":3,"skipped":0,"pct":100}}
,"/Users/pierpaolocasati/sporthub/frontend/src/components/HeaderScreen.tsx": {"lines":{"total":12,"covered":12,"skipped":0,"pct":100},"functions":{"total":1,"covered":1,"skipped":0,"pct":100},"statements":{"total":12,"covered":12,"skipped":0,"pct":100},"branches":{"total":1,"covered":1,"skipped":0,"pct":100}}
,"/Users/pierpaolocasati/sporthub/frontend/src/components/ProtectedRoute.tsx": {"lines":{"total":10,"covered":10,"skipped":0,"pct":100},"functions":{"total":1,"covered":1,"skipped":0,"pct":100},"statements":{"total":10,"covered":10,"skipped":0,"pct":100},"branches":{"total":3,"covered":3,"skipped":0,"pct":100}}
,"/Users/pierpaolocasati/sporthub/frontend/src/components/Sidebar.tsx": {"lines":{"total":71,"covered":71,"skipped":0,"pct":100},"functions":{"total":1,"covered":1,"skipped":0,"pct":100},"statements":{"total":71,"covered":71,"skipped":0,"pct":100},"branches":{"total":3,"covered":3,"skipped":0,"pct":100}}
,"/Users/pierpaolocasati/sporthub/frontend/src/components/filter/FilterBar.tsx": {"lines":{"total":21,"covered":21,"skipped":0,"pct":100},"functions":{"total":2,"covered":2,"skipped":0,"pct":100},"statements":{"total":21,"covered":21,"skipped":0,"pct":100},"branches":{"total":2,"covered":2,"skipped":0,"pct":100}}
,"/Users/pierpaolocasati/sporthub/frontend/src/components/filter/FilterSport.tsx": {"lines":{"total":23,"covered":23,"skipped":0,"pct":100},"functions":{"total":2,"covered":2,"skipped":0,"pct":100},"statements":{"total":23,"covered":23,"skipped":0,"pct":100},"branches":{"total":2,"covered":2,"skipped":0,"pct":100}}
,"/Users/pierpaolocasati/sporthub/frontend/src/components/graph/BarChartComponent.tsx": {"lines":{"total":102,"covered":92,"skipped":0,"pct":90.19},"functions":{"total":4,"covered":4,"skipped":0,"pct":100},"statements":{"total":102,"covered":92,"skipped":0,"pct":90.19},"branches":{"total":12,"covered":10,"skipped":0,"pct":83.33}}
,"/Users/pierpaolocasati/sporthub/frontend/src/components/graph/GaugeComponent.tsx": {"lines":{"total":93,"covered":93,"skipped":0,"pct":100},"functions":{"total":3,"covered":3,"skipped":0,"pct":100},"statements":{"total":93,"covered":93,"skipped":0,"pct":100},"branches":{"total":4,"covered":4,"skipped":0,"pct":100}}
,"/Users/pierpaolocasati/sporthub/frontend/src/components/graph/LineChartComponent.tsx": {"lines":{"total":102,"covered":92,"skipped":0,"pct":90.19},"functions":{"total":4,"covered":4,"skipped":0,"pct":100},"statements":{"total":102,"covered":92,"skipped":0,"pct":90.19},"branches":{"total":12,"covered":10,"skipped":0,"pct":83.33}}
,"/Users/pierpaolocasati/sporthub/frontend/src/screen/activate/ActivateEmail.tsx": {"lines":{"total":55,"covered":55,"skipped":0,"pct":100},"functions":{"total":1,"covered":1,"skipped":0,"pct":100},"statements":{"total":55,"covered":55,"skipped":0,"pct":100},"branches":{"total":9,"covered":9,"skipped":0,"pct":100}}
,"/Users/pierpaolocasati/sporthub/frontend/src/screen/activate/ResetPassword.tsx": {"lines":{"total":150,"covered":150,"skipped":0,"pct":100},"functions":{"total":6,"covered":6,"skipped":0,"pct":100},"statements":{"total":150,"covered":150,"skipped":0,"pct":100},"branches":{"total":27,"covered":27,"skipped":0,"pct":100}}
,"/Users/pierpaolocasati/sporthub/frontend/src/screen/activity/Activities.tsx": {"lines":{"total":610,"covered":384,"skipped":0,"pct":62.95},"functions":{"total":27,"covered":10,"skipped":0,"pct":37.03},"statements":{"total":610,"covered":384,"skipped":0,"pct":62.95},"branches":{"total":61,"covered":37,"skipped":0,"pct":60.65}}
,"/Users/pierpaolocasati/sporthub/frontend/src/screen/api/axiosConfig.ts": {"lines":{"total":64,"covered":17,"skipped":0,"pct":26.56},"functions":{"total":1,"covered":0,"skipped":0,"pct":0},"statements":{"total":64,"covered":17,"skipped":0,"pct":26.56},"branches":{"total":0,"covered":0,"skipped":0,"pct":100}}
,"/Users/pierpaolocasati/sporthub/frontend/src/screen/challenge/Challenges.tsx": {"lines":{"total":666,"covered":537,"skipped":0,"pct":80.63},"functions":{"total":19,"covered":10,"skipped":0,"pct":52.63},"statements":{"total":666,"covered":537,"skipped":0,"pct":80.63},"branches":{"total":77,"covered":50,"skipped":0,"pct":64.93}}
,"/Users/pierpaolocasati/sporthub/frontend/src/screen/goals/Goals.tsx": {"lines":{"total":337,"covered":315,"skipped":0,"pct":93.47},"functions":{"total":15,"covered":11,"skipped":0,"pct":73.33},"statements":{"total":337,"covered":315,"skipped":0,"pct":93.47},"branches":{"total":53,"covered":38,"skipped":0,"pct":71.69}}
,"/Users/pierpaolocasati/sporthub/frontend/src/screen/homeScreen/Home.tsx": {"lines":{"total":202,"covered":120,"skipped":0,"pct":59.4},"functions":{"total":7,"covered":1,"skipped":0,"pct":14.28},"statements":{"total":202,"covered":120,"skipped":0,"pct":59.4},"branches":{"total":18,"covered":13,"skipped":0,"pct":72.22}}
,"/Users/pierpaolocasati/sporthub/frontend/src/screen/loginScreen/Login.tsx": {"lines":{"total":122,"covered":100,"skipped":0,"pct":81.96},"functions":{"total":6,"covered":4,"skipped":0,"pct":66.66},"statements":{"total":122,"covered":100,"skipped":0,"pct":81.96},"branches":{"total":5,"covered":5,"skipped":0,"pct":100}}
,"/Users/pierpaolocasati/sporthub/frontend/src/screen/map/Map.tsx": {"lines":{"total":109,"covered":109,"skipped":0,"pct":100},"functions":{"total":1,"covered":1,"skipped":0,"pct":100},"statements":{"total":109,"covered":109,"skipped":0,"pct":100},"branches":{"total":12,"covered":10,"skipped":0,"pct":83.33}}
,"/Users/pierpaolocasati/sporthub/frontend/src/screen/registerScreen/Register.tsx": {"lines":{"total":153,"covered":146,"skipped":0,"pct":95.42},"functions":{"total":9,"covered":8,"skipped":0,"pct":88.88},"statements":{"total":153,"covered":146,"skipped":0,"pct":95.42},"branches":{"total":16,"covered":16,"skipped":0,"pct":100}}
,"/Users/pierpaolocasati/sporthub/frontend/src/screen/settings/Settings.tsx": {"lines":{"total":383,"covered":351,"skipped":0,"pct":91.64},"functions":{"total":21,"covered":13,"skipped":0,"pct":61.9},"statements":{"total":383,"covered":351,"skipped":0,"pct":91.64},"branches":{"total":37,"covered":35,"skipped":0,"pct":94.59}}
,"/Users/pierpaolocasati/sporthub/frontend/src/screen/stravaConnectScreen/ConnectStrava.tsx": {"lines":{"total":57,"covered":55,"skipped":0,"pct":96.49},"functions":{"total":2,"covered":2,"skipped":0,"pct":100},"statements":{"total":57,"covered":55,"skipped":0,"pct":96.49},"branches":{"total":15,"covered":13,"skipped":0,"pct":86.66}}
,"/Users/pierpaolocasati/sporthub/frontend/src/screen/telegram/TelegramGroup.tsx": {"lines":{"total":264,"covered":251,"skipped":0,"pct":95.07},"functions":{"total":18,"covered":13,"skipped":0,"pct":72.22},"statements":{"total":264,"covered":251,"skipped":0,"pct":95.07},"branches":{"total":39,"covered":38,"skipped":0,"pct":97.43}}
,"/Users/pierpaolocasati/sporthub/frontend/src/screen/verify/VerifyEmail.tsx": {"lines":{"total":15,"covered":15,"skipped":0,"pct":100},"functions":{"total":1,"covered":1,"skipped":0,"pct":100},"statements":{"total":15,"covered":15,"skipped":0,"pct":100},"branches":{"total":1,"covered":1,"skipped":0,"pct":100}}
,"/Users/pierpaolocasati/sporthub/frontend/src/screen/verify/VerifyForgotPassword.tsx": {"lines":{"total":93,"covered":88,"skipped":0,"pct":94.62},"functions":{"total":6,"covered":5,"skipped":0,"pct":83.33},"statements":{"total":93,"covered":88,"skipped":0,"pct":94.62},"branches":{"total":11,"covered":11,"skipped":0,"pct":100}}
,"/Users/pierpaolocasati/sporthub/frontend/src/test/test-utils.tsx": {"lines":{"total":7,"covered":0,"skipped":0,"pct":0},"functions":{"total":1,"covered":0,"skipped":0,"pct":0},"statements":{"total":7,"covered":0,"skipped":0,"pct":0},"branches":{"total":1,"covered":0,"skipped":0,"pct":0}}
,"/Users/pierpaolocasati/sporthub/frontend/src/types/ActivityData.tsx": {"lines":{"total":0,"covered":0,"skipped":0,"pct":100},"functions":{"total":1,"covered":1,"skipped":0,"pct":100},"statements":{"total":0,"covered":0,"skipped":0,"pct":100},"branches":{"total":1,"covered":1,"skipped":0,"pct":100}}
}
